<?xml version="1.0" encoding="UTF-8"?>
<testng-results skipped="0" failed="4" total="13" passed="9">
  <reporter-output>
  </reporter-output>
  <suite name="Parallel test suite" duration-ms="70677" started-at="2018-02-21T05:09:11Z" finished-at="2018-02-21T05:10:22Z">
    <groups>
    </groups>
    <test name="AssistTest3" duration-ms="2250" started-at="2018-02-21T05:09:11Z" finished-at="2018-02-21T05:09:13Z">
      <class name="com.selenium.Test.UIMainscript">
        <test-method status="FAIL" signature="loadconfig()[pri:0, instance:com.selenium.Test.UIMainscript@2c9f9fb0]" name="loadconfig" is-config="true" duration-ms="0" started-at="2018-02-21T10:39:11Z" finished-at="2018-02-21T10:39:11Z">
          <exception class="com.selenium.exception.PropertiesHandleException">
            <message>
              <![CDATA[ERROR IN RETRIVING DATA FROM -- RootFolder]]>
            </message>
            <full-stacktrace>
              <![CDATA[com.selenium.exception.PropertiesHandleException: ERROR IN RETRIVING DATA FROM -- RootFolder
	at com.selenium.Configuration.PropertiesHandle.RdbmsValue(PropertiesHandle.java:137)
	at com.selenium.Configuration.PropertiesHandle.WriteProperty(PropertiesHandle.java:93)
	at com.selenium.Configuration.PropertiesHandle.<init>(PropertiesHandle.java:73)
	at com.selenium.Test.UIMainscript.loadconfig(UIMainscript.java:49)
	at sun.reflect.NativeMethodAccessorImpl.invoke0(Native Method)
	at sun.reflect.NativeMethodAccessorImpl.invoke(NativeMethodAccessorImpl.java:62)
	at sun.reflect.DelegatingMethodAccessorImpl.invoke(DelegatingMethodAccessorImpl.java:43)
	at java.lang.reflect.Method.invoke(Method.java:497)
	at org.testng.internal.MethodInvocationHelper.invokeMethod(MethodInvocationHelper.java:80)
	at org.testng.internal.Invoker.invokeConfigurationMethod(Invoker.java:564)
	at org.testng.internal.Invoker.invokeConfigurations(Invoker.java:213)
	at org.testng.internal.Invoker.invokeConfigurations(Invoker.java:138)
	at org.testng.TestRunner.beforeRun(TestRunner.java:641)
	at org.testng.TestRunner.run(TestRunner.java:609)
	at org.testng.SuiteRunner.runTest(SuiteRunner.java:334)
	at org.testng.SuiteRunner.access$000(SuiteRunner.java:37)
	at org.testng.SuiteRunner$SuiteWorker.run(SuiteRunner.java:368)
	at org.testng.internal.thread.ThreadUtil$2.call(ThreadUtil.java:64)
	at java.util.concurrent.FutureTask.run(FutureTask.java:266)
	at java.util.concurrent.ThreadPoolExecutor.runWorker(ThreadPoolExecutor.java:1142)
	at java.util.concurrent.ThreadPoolExecutor$Worker.run(ThreadPoolExecutor.java:617)
	at java.lang.Thread.run(Thread.java:745)
Caused by: com.selenium.exception.DatabaseException: PROBLEM WITH RESULT-SET OBTAINED FROM DB
	at com.selenium.SupportingClasses.DatabaseOperation.GetDataObjects(DatabaseOperation.java:121)
	at com.selenium.Configuration.PropertiesHandle.RdbmsValue(PropertiesHandle.java:127)
	... 21 more
Caused by: com.mysql.jdbc.exceptions.jdbc4.MySQLNonTransientConnectionException: No operations allowed after connection closed.
	at sun.reflect.NativeConstructorAccessorImpl.newInstance0(Native Method)
	at sun.reflect.NativeConstructorAccessorImpl.newInstance(NativeConstructorAccessorImpl.java:62)
	at sun.reflect.DelegatingConstructorAccessorImpl.newInstance(DelegatingConstructorAccessorImpl.java:45)
	at java.lang.reflect.Constructor.newInstance(Constructor.java:422)
	at com.mysql.jdbc.Util.handleNewInstance(Util.java:406)
	at com.mysql.jdbc.Util.getInstance(Util.java:381)
	at com.mysql.jdbc.SQLError.createSQLException(SQLError.java:984)
	at com.mysql.jdbc.SQLError.createSQLException(SQLError.java:956)
	at com.mysql.jdbc.SQLError.createSQLException(SQLError.java:926)
	at com.mysql.jdbc.ConnectionImpl.checkClosed(ConnectionImpl.java:1098)
	at com.mysql.jdbc.ConnectionImpl.versionMeetsMinimum(ConnectionImpl.java:5377)
	at com.mysql.jdbc.ConnectionImpl.serverSupportsConvertFn(ConnectionImpl.java:4801)
	at com.mysql.jdbc.StatementImpl.executeQuery(StatementImpl.java:1276)
	at com.selenium.SupportingClasses.DatabaseOperation.GetDataObjects(DatabaseOperation.java:102)
	... 22 more
]]>
            </full-stacktrace>
          </exception> <!-- com.selenium.exception.PropertiesHandleException -->
          <reporter-output>
          </reporter-output>
        </test-method> <!-- loadconfig -->
        <test-method status="FAIL" signature="UITest(java.lang.Integer, java.lang.Object, java.lang.Object)[pri:0, instance:com.selenium.Test.UIMainscript@2c9f9fb0]" name="UITest" duration-ms="0" started-at="2018-02-21T10:39:13Z" data-provider="UITestData" finished-at="2018-02-21T10:39:13Z">
          <exception class="java.lang.RuntimeException">
            <message>
              <![CDATA[java.lang.NullPointerException]]>
            </message>
            <full-stacktrace>
              <![CDATA[java.lang.RuntimeException: java.lang.NullPointerException
	at org.testng.internal.MethodInvocationHelper.invokeDataProvider(MethodInvocationHelper.java:143)
	at org.testng.internal.Parameters.handleParameters(Parameters.java:426)
	at org.testng.internal.Invoker.handleParameters(Invoker.java:1383)
	at org.testng.internal.Invoker.createParameters(Invoker.java:1075)
	at org.testng.internal.Invoker.invokeTestMethods(Invoker.java:1180)
	at org.testng.internal.TestMethodWorker.invokeTestMethods(TestMethodWorker.java:127)
	at org.testng.internal.TestMethodWorker.run(TestMethodWorker.java:111)
	at org.testng.TestRunner.privateRun(TestRunner.java:767)
	at org.testng.TestRunner.run(TestRunner.java:617)
	at org.testng.SuiteRunner.runTest(SuiteRunner.java:334)
	at org.testng.SuiteRunner.access$000(SuiteRunner.java:37)
	at org.testng.SuiteRunner$SuiteWorker.run(SuiteRunner.java:368)
	at org.testng.internal.thread.ThreadUtil$2.call(ThreadUtil.java:64)
	at java.util.concurrent.FutureTask.run(FutureTask.java:266)
	at java.util.concurrent.ThreadPoolExecutor.runWorker(ThreadPoolExecutor.java:1142)
	at java.util.concurrent.ThreadPoolExecutor$Worker.run(ThreadPoolExecutor.java:617)
	at java.lang.Thread.run(Thread.java:745)
Caused by: java.lang.NullPointerException
	at com.selenium.SupportingClasses.DatabaseOperation.GetDataObjects(DatabaseOperation.java:101)
	at com.selenium.Test.UIMainscript.getDataFromDataprovider(UIMainscript.java:109)
	at sun.reflect.NativeMethodAccessorImpl.invoke0(Native Method)
	at sun.reflect.NativeMethodAccessorImpl.invoke(NativeMethodAccessorImpl.java:62)
	at sun.reflect.DelegatingMethodAccessorImpl.invoke(DelegatingMethodAccessorImpl.java:43)
	at java.lang.reflect.Method.invoke(Method.java:497)
	at org.testng.internal.MethodInvocationHelper.invokeMethod(MethodInvocationHelper.java:80)
	at org.testng.internal.MethodInvocationHelper.invokeDataProvider(MethodInvocationHelper.java:117)
	... 16 more
]]>
            </full-stacktrace>
          </exception> <!-- java.lang.RuntimeException -->
          <reporter-output>
          </reporter-output>
        </test-method> <!-- UITest -->
        <test-method status="SKIP" signature="close()[pri:0, instance:com.selenium.Test.UIMainscript@2c9f9fb0]" name="close" is-config="true" duration-ms="0" started-at="2018-02-21T10:39:13Z" finished-at="2018-02-21T10:39:13Z">
          <reporter-output>
          </reporter-output>
        </test-method> <!-- close -->
      </class> <!-- com.selenium.Test.UIMainscript -->
    </test> <!-- AssistTest3 -->
    <test name="AssistTest1" duration-ms="2251" started-at="2018-02-21T05:09:11Z" finished-at="2018-02-21T05:09:13Z">
      <class name="com.selenium.Test.UIMainscript">
        <test-method status="FAIL" signature="loadconfig()[pri:0, instance:com.selenium.Test.UIMainscript@366e2eef]" name="loadconfig" is-config="true" duration-ms="0" started-at="2018-02-21T10:39:11Z" finished-at="2018-02-21T10:39:11Z">
          <exception class="com.selenium.exception.PropertiesHandleException">
            <message>
              <![CDATA[ERROR IN RETRIVING DATA FROM -- MacroClassName]]>
            </message>
            <full-stacktrace>
              <![CDATA[com.selenium.exception.PropertiesHandleException: ERROR IN RETRIVING DATA FROM -- MacroClassName
	at com.selenium.Configuration.PropertiesHandle.RdbmsValue(PropertiesHandle.java:137)
	at com.selenium.Configuration.PropertiesHandle.WriteProperty(PropertiesHandle.java:100)
	at com.selenium.Configuration.PropertiesHandle.<init>(PropertiesHandle.java:73)
	at com.selenium.Test.UIMainscript.loadconfig(UIMainscript.java:49)
	at sun.reflect.NativeMethodAccessorImpl.invoke0(Native Method)
	at sun.reflect.NativeMethodAccessorImpl.invoke(NativeMethodAccessorImpl.java:62)
	at sun.reflect.DelegatingMethodAccessorImpl.invoke(DelegatingMethodAccessorImpl.java:43)
	at java.lang.reflect.Method.invoke(Method.java:497)
	at org.testng.internal.MethodInvocationHelper.invokeMethod(MethodInvocationHelper.java:80)
	at org.testng.internal.Invoker.invokeConfigurationMethod(Invoker.java:564)
	at org.testng.internal.Invoker.invokeConfigurations(Invoker.java:213)
	at org.testng.internal.Invoker.invokeConfigurations(Invoker.java:138)
	at org.testng.TestRunner.beforeRun(TestRunner.java:641)
	at org.testng.TestRunner.run(TestRunner.java:609)
	at org.testng.SuiteRunner.runTest(SuiteRunner.java:334)
	at org.testng.SuiteRunner.access$000(SuiteRunner.java:37)
	at org.testng.SuiteRunner$SuiteWorker.run(SuiteRunner.java:368)
	at org.testng.internal.thread.ThreadUtil$2.call(ThreadUtil.java:64)
	at java.util.concurrent.FutureTask.run(FutureTask.java:266)
	at java.util.concurrent.ThreadPoolExecutor.runWorker(ThreadPoolExecutor.java:1142)
	at java.util.concurrent.ThreadPoolExecutor$Worker.run(ThreadPoolExecutor.java:617)
	at java.lang.Thread.run(Thread.java:745)
Caused by: com.selenium.exception.DatabaseException: PROBLEM WITH RESULT-SET OBTAINED FROM DB
	at com.selenium.SupportingClasses.DatabaseOperation.GetDataObjects(DatabaseOperation.java:121)
	at com.selenium.Configuration.PropertiesHandle.RdbmsValue(PropertiesHandle.java:127)
	... 21 more
Caused by: com.mysql.jdbc.exceptions.jdbc4.CommunicationsException: Communications link failure

Last packet sent to the server was 2 ms ago.
	at sun.reflect.NativeConstructorAccessorImpl.newInstance0(Native Method)
	at sun.reflect.NativeConstructorAccessorImpl.newInstance(NativeConstructorAccessorImpl.java:62)
	at sun.reflect.DelegatingConstructorAccessorImpl.newInstance(DelegatingConstructorAccessorImpl.java:45)
	at java.lang.reflect.Constructor.newInstance(Constructor.java:422)
	at com.mysql.jdbc.Util.handleNewInstance(Util.java:406)
	at com.mysql.jdbc.SQLError.createCommunicationsException(SQLError.java:1074)
	at com.mysql.jdbc.MysqlIO.reuseAndReadPacket(MysqlIO.java:2985)
	at com.mysql.jdbc.MysqlIO.reuseAndReadPacket(MysqlIO.java:2871)
	at com.mysql.jdbc.MysqlIO.checkErrorPacket(MysqlIO.java:3414)
	at com.mysql.jdbc.MysqlIO.sendCommand(MysqlIO.java:1936)
	at com.mysql.jdbc.MysqlIO.sqlQueryDirect(MysqlIO.java:2060)
	at com.mysql.jdbc.ConnectionImpl.execSQL(ConnectionImpl.java:2536)
	at com.mysql.jdbc.ConnectionImpl.execSQL(ConnectionImpl.java:2465)
	at com.mysql.jdbc.StatementImpl.executeQuery(StatementImpl.java:1383)
	at com.selenium.SupportingClasses.DatabaseOperation.GetDataObjects(DatabaseOperation.java:102)
	... 22 more
Caused by: java.net.SocketException: Socket closed
	at java.net.SocketInputStream.socketRead0(Native Method)
	at java.net.SocketInputStream.socketRead(SocketInputStream.java:116)
	at java.net.SocketInputStream.read(SocketInputStream.java:170)
	at java.net.SocketInputStream.read(SocketInputStream.java:141)
	at com.mysql.jdbc.util.ReadAheadInputStream.fill(ReadAheadInputStream.java:113)
	at com.mysql.jdbc.util.ReadAheadInputStream.readFromUnderlyingStreamIfNecessary(ReadAheadInputStream.java:160)
	at com.mysql.jdbc.util.ReadAheadInputStream.read(ReadAheadInputStream.java:188)
	at com.mysql.jdbc.MysqlIO.readFully(MysqlIO.java:2428)
	at com.mysql.jdbc.MysqlIO.reuseAndReadPacket(MysqlIO.java:2882)
	... 30 more
]]>
            </full-stacktrace>
          </exception> <!-- com.selenium.exception.PropertiesHandleException -->
          <reporter-output>
          </reporter-output>
        </test-method> <!-- loadconfig -->
        <test-method status="FAIL" signature="UITest(java.lang.Integer, java.lang.Object, java.lang.Object)[pri:0, instance:com.selenium.Test.UIMainscript@366e2eef]" name="UITest" duration-ms="0" started-at="2018-02-21T10:39:13Z" data-provider="UITestData" finished-at="2018-02-21T10:39:13Z">
          <exception class="java.lang.RuntimeException">
            <message>
              <![CDATA[java.lang.NullPointerException]]>
            </message>
            <full-stacktrace>
              <![CDATA[java.lang.RuntimeException: java.lang.NullPointerException
	at org.testng.internal.MethodInvocationHelper.invokeDataProvider(MethodInvocationHelper.java:143)
	at org.testng.internal.Parameters.handleParameters(Parameters.java:426)
	at org.testng.internal.Invoker.handleParameters(Invoker.java:1383)
	at org.testng.internal.Invoker.createParameters(Invoker.java:1075)
	at org.testng.internal.Invoker.invokeTestMethods(Invoker.java:1180)
	at org.testng.internal.TestMethodWorker.invokeTestMethods(TestMethodWorker.java:127)
	at org.testng.internal.TestMethodWorker.run(TestMethodWorker.java:111)
	at org.testng.TestRunner.privateRun(TestRunner.java:767)
	at org.testng.TestRunner.run(TestRunner.java:617)
	at org.testng.SuiteRunner.runTest(SuiteRunner.java:334)
	at org.testng.SuiteRunner.access$000(SuiteRunner.java:37)
	at org.testng.SuiteRunner$SuiteWorker.run(SuiteRunner.java:368)
	at org.testng.internal.thread.ThreadUtil$2.call(ThreadUtil.java:64)
	at java.util.concurrent.FutureTask.run(FutureTask.java:266)
	at java.util.concurrent.ThreadPoolExecutor.runWorker(ThreadPoolExecutor.java:1142)
	at java.util.concurrent.ThreadPoolExecutor$Worker.run(ThreadPoolExecutor.java:617)
	at java.lang.Thread.run(Thread.java:745)
Caused by: java.lang.NullPointerException
	at com.selenium.SupportingClasses.DatabaseOperation.GetDataObjects(DatabaseOperation.java:101)
	at com.selenium.Test.UIMainscript.getDataFromDataprovider(UIMainscript.java:109)
	at sun.reflect.NativeMethodAccessorImpl.invoke0(Native Method)
	at sun.reflect.NativeMethodAccessorImpl.invoke(NativeMethodAccessorImpl.java:62)
	at sun.reflect.DelegatingMethodAccessorImpl.invoke(DelegatingMethodAccessorImpl.java:43)
	at java.lang.reflect.Method.invoke(Method.java:497)
	at org.testng.internal.MethodInvocationHelper.invokeMethod(MethodInvocationHelper.java:80)
	at org.testng.internal.MethodInvocationHelper.invokeDataProvider(MethodInvocationHelper.java:117)
	... 16 more
]]>
            </full-stacktrace>
          </exception> <!-- java.lang.RuntimeException -->
          <reporter-output>
          </reporter-output>
        </test-method> <!-- UITest -->
        <test-method status="SKIP" signature="close()[pri:0, instance:com.selenium.Test.UIMainscript@366e2eef]" name="close" is-config="true" duration-ms="0" started-at="2018-02-21T10:39:13Z" finished-at="2018-02-21T10:39:13Z">
          <reporter-output>
          </reporter-output>
        </test-method> <!-- close -->
      </class> <!-- com.selenium.Test.UIMainscript -->
    </test> <!-- AssistTest1 -->
    <test name="AssistTest5" duration-ms="2257" started-at="2018-02-21T05:09:11Z" finished-at="2018-02-21T05:09:13Z">
      <class name="com.selenium.Test.UIMainscript">
        <test-method status="FAIL" signature="loadconfig()[pri:0, instance:com.selenium.Test.UIMainscript@13fee20c]" name="loadconfig" is-config="true" duration-ms="0" started-at="2018-02-21T10:39:11Z" finished-at="2018-02-21T10:39:11Z">
          <exception class="com.selenium.exception.PropertiesHandleException">
            <message>
              <![CDATA[ERROR IN RETRIVING DATA FROM -- DB_Password]]>
            </message>
            <full-stacktrace>
              <![CDATA[com.selenium.exception.PropertiesHandleException: ERROR IN RETRIVING DATA FROM -- DB_Password
	at com.selenium.Configuration.PropertiesHandle.RdbmsValue(PropertiesHandle.java:137)
	at com.selenium.Configuration.PropertiesHandle.WriteProperty(PropertiesHandle.java:92)
	at com.selenium.Configuration.PropertiesHandle.<init>(PropertiesHandle.java:73)
	at com.selenium.Test.UIMainscript.loadconfig(UIMainscript.java:49)
	at sun.reflect.NativeMethodAccessorImpl.invoke0(Native Method)
	at sun.reflect.NativeMethodAccessorImpl.invoke(NativeMethodAccessorImpl.java:62)
	at sun.reflect.DelegatingMethodAccessorImpl.invoke(DelegatingMethodAccessorImpl.java:43)
	at java.lang.reflect.Method.invoke(Method.java:497)
	at org.testng.internal.MethodInvocationHelper.invokeMethod(MethodInvocationHelper.java:80)
	at org.testng.internal.Invoker.invokeConfigurationMethod(Invoker.java:564)
	at org.testng.internal.Invoker.invokeConfigurations(Invoker.java:213)
	at org.testng.internal.Invoker.invokeConfigurations(Invoker.java:138)
	at org.testng.TestRunner.beforeRun(TestRunner.java:641)
	at org.testng.TestRunner.run(TestRunner.java:609)
	at org.testng.SuiteRunner.runTest(SuiteRunner.java:334)
	at org.testng.SuiteRunner.access$000(SuiteRunner.java:37)
	at org.testng.SuiteRunner$SuiteWorker.run(SuiteRunner.java:368)
	at org.testng.internal.thread.ThreadUtil$2.call(ThreadUtil.java:64)
	at java.util.concurrent.FutureTask.run(FutureTask.java:266)
	at java.util.concurrent.ThreadPoolExecutor.runWorker(ThreadPoolExecutor.java:1142)
	at java.util.concurrent.ThreadPoolExecutor$Worker.run(ThreadPoolExecutor.java:617)
	at java.lang.Thread.run(Thread.java:745)
Caused by: com.selenium.exception.DatabaseException: PROBLEM WITH RESULT-SET OBTAINED FROM DB
	at com.selenium.SupportingClasses.DatabaseOperation.GetDataObjects(DatabaseOperation.java:121)
	at com.selenium.Configuration.PropertiesHandle.RdbmsValue(PropertiesHandle.java:127)
	... 21 more
Caused by: com.mysql.jdbc.exceptions.jdbc4.MySQLNonTransientConnectionException: No operations allowed after connection closed.
	at sun.reflect.NativeConstructorAccessorImpl.newInstance0(Native Method)
	at sun.reflect.NativeConstructorAccessorImpl.newInstance(NativeConstructorAccessorImpl.java:62)
	at sun.reflect.DelegatingConstructorAccessorImpl.newInstance(DelegatingConstructorAccessorImpl.java:45)
	at java.lang.reflect.Constructor.newInstance(Constructor.java:422)
	at com.mysql.jdbc.Util.handleNewInstance(Util.java:406)
	at com.mysql.jdbc.Util.getInstance(Util.java:381)
	at com.mysql.jdbc.SQLError.createSQLException(SQLError.java:984)
	at com.mysql.jdbc.SQLError.createSQLException(SQLError.java:956)
	at com.mysql.jdbc.SQLError.createSQLException(SQLError.java:926)
	at com.mysql.jdbc.ConnectionImpl.checkClosed(ConnectionImpl.java:1098)
	at com.mysql.jdbc.ConnectionImpl.versionMeetsMinimum(ConnectionImpl.java:5377)
	at com.mysql.jdbc.ConnectionImpl.serverSupportsConvertFn(ConnectionImpl.java:4801)
	at com.mysql.jdbc.StatementImpl.executeQuery(StatementImpl.java:1276)
	at com.selenium.SupportingClasses.DatabaseOperation.GetDataObjects(DatabaseOperation.java:102)
	... 22 more
]]>
            </full-stacktrace>
          </exception> <!-- com.selenium.exception.PropertiesHandleException -->
          <reporter-output>
          </reporter-output>
        </test-method> <!-- loadconfig -->
        <test-method status="FAIL" signature="UITest(java.lang.Integer, java.lang.Object, java.lang.Object)[pri:0, instance:com.selenium.Test.UIMainscript@13fee20c]" name="UITest" duration-ms="0" started-at="2018-02-21T10:39:13Z" data-provider="UITestData" finished-at="2018-02-21T10:39:13Z">
          <exception class="java.lang.RuntimeException">
            <message>
              <![CDATA[java.lang.NullPointerException]]>
            </message>
            <full-stacktrace>
              <![CDATA[java.lang.RuntimeException: java.lang.NullPointerException
	at org.testng.internal.MethodInvocationHelper.invokeDataProvider(MethodInvocationHelper.java:143)
	at org.testng.internal.Parameters.handleParameters(Parameters.java:426)
	at org.testng.internal.Invoker.handleParameters(Invoker.java:1383)
	at org.testng.internal.Invoker.createParameters(Invoker.java:1075)
	at org.testng.internal.Invoker.invokeTestMethods(Invoker.java:1180)
	at org.testng.internal.TestMethodWorker.invokeTestMethods(TestMethodWorker.java:127)
	at org.testng.internal.TestMethodWorker.run(TestMethodWorker.java:111)
	at org.testng.TestRunner.privateRun(TestRunner.java:767)
	at org.testng.TestRunner.run(TestRunner.java:617)
	at org.testng.SuiteRunner.runTest(SuiteRunner.java:334)
	at org.testng.SuiteRunner.access$000(SuiteRunner.java:37)
	at org.testng.SuiteRunner$SuiteWorker.run(SuiteRunner.java:368)
	at org.testng.internal.thread.ThreadUtil$2.call(ThreadUtil.java:64)
	at java.util.concurrent.FutureTask.run(FutureTask.java:266)
	at java.util.concurrent.ThreadPoolExecutor.runWorker(ThreadPoolExecutor.java:1142)
	at java.util.concurrent.ThreadPoolExecutor$Worker.run(ThreadPoolExecutor.java:617)
	at java.lang.Thread.run(Thread.java:745)
Caused by: java.lang.NullPointerException
	at com.selenium.SupportingClasses.DatabaseOperation.GetDataObjects(DatabaseOperation.java:101)
	at com.selenium.Test.UIMainscript.getDataFromDataprovider(UIMainscript.java:109)
	at sun.reflect.NativeMethodAccessorImpl.invoke0(Native Method)
	at sun.reflect.NativeMethodAccessorImpl.invoke(NativeMethodAccessorImpl.java:62)
	at sun.reflect.DelegatingMethodAccessorImpl.invoke(DelegatingMethodAccessorImpl.java:43)
	at java.lang.reflect.Method.invoke(Method.java:497)
	at org.testng.internal.MethodInvocationHelper.invokeMethod(MethodInvocationHelper.java:80)
	at org.testng.internal.MethodInvocationHelper.invokeDataProvider(MethodInvocationHelper.java:117)
	... 16 more
]]>
            </full-stacktrace>
          </exception> <!-- java.lang.RuntimeException -->
          <reporter-output>
          </reporter-output>
        </test-method> <!-- UITest -->
        <test-method status="SKIP" signature="close()[pri:0, instance:com.selenium.Test.UIMainscript@13fee20c]" name="close" is-config="true" duration-ms="0" started-at="2018-02-21T10:39:13Z" finished-at="2018-02-21T10:39:13Z">
          <reporter-output>
          </reporter-output>
        </test-method> <!-- close -->
      </class> <!-- com.selenium.Test.UIMainscript -->
    </test> <!-- AssistTest5 -->
    <test name="AssistTest4" duration-ms="2251" started-at="2018-02-21T05:09:11Z" finished-at="2018-02-21T05:09:13Z">
      <class name="com.selenium.Test.UIMainscript">
        <test-method status="FAIL" signature="loadconfig()[pri:0, instance:com.selenium.Test.UIMainscript@50f8360d]" name="loadconfig" is-config="true" duration-ms="0" started-at="2018-02-21T10:39:11Z" finished-at="2018-02-21T10:39:11Z">
          <exception class="com.selenium.exception.PropertiesHandleException">
            <message>
              <![CDATA[ERROR IN SQL - QUERY -- ComaparisonTableName]]>
            </message>
            <full-stacktrace>
              <![CDATA[com.selenium.exception.PropertiesHandleException: ERROR IN SQL - QUERY -- ComaparisonTableName
	at com.selenium.Configuration.PropertiesHandle.RdbmsQuery(PropertiesHandle.java:119)
	at com.selenium.Configuration.PropertiesHandle.WriteProperty(PropertiesHandle.java:101)
	at com.selenium.Configuration.PropertiesHandle.<init>(PropertiesHandle.java:73)
	at com.selenium.Test.UIMainscript.loadconfig(UIMainscript.java:49)
	at sun.reflect.NativeMethodAccessorImpl.invoke0(Native Method)
	at sun.reflect.NativeMethodAccessorImpl.invoke(NativeMethodAccessorImpl.java:62)
	at sun.reflect.DelegatingMethodAccessorImpl.invoke(DelegatingMethodAccessorImpl.java:43)
	at java.lang.reflect.Method.invoke(Method.java:497)
	at org.testng.internal.MethodInvocationHelper.invokeMethod(MethodInvocationHelper.java:80)
	at org.testng.internal.Invoker.invokeConfigurationMethod(Invoker.java:564)
	at org.testng.internal.Invoker.invokeConfigurations(Invoker.java:213)
	at org.testng.internal.Invoker.invokeConfigurations(Invoker.java:138)
	at org.testng.TestRunner.beforeRun(TestRunner.java:641)
	at org.testng.TestRunner.run(TestRunner.java:609)
	at org.testng.SuiteRunner.runTest(SuiteRunner.java:334)
	at org.testng.SuiteRunner.access$000(SuiteRunner.java:37)
	at org.testng.SuiteRunner$SuiteWorker.run(SuiteRunner.java:368)
	at org.testng.internal.thread.ThreadUtil$2.call(ThreadUtil.java:64)
	at java.util.concurrent.FutureTask.run(FutureTask.java:266)
	at java.util.concurrent.ThreadPoolExecutor.runWorker(ThreadPoolExecutor.java:1142)
	at java.util.concurrent.ThreadPoolExecutor$Worker.run(ThreadPoolExecutor.java:617)
	at java.lang.Thread.run(Thread.java:745)
Caused by: com.selenium.exception.DatabaseException: PROBLEM WITH RESULT-SET OBTAINED FROM DB
	at com.selenium.SupportingClasses.DatabaseOperation.GetDataObjects(DatabaseOperation.java:121)
	at com.selenium.Configuration.PropertiesHandle.RdbmsQuery(PropertiesHandle.java:109)
	... 21 more
Caused by: com.mysql.jdbc.exceptions.jdbc4.MySQLNonTransientConnectionException: No operations allowed after connection closed.
	at sun.reflect.NativeConstructorAccessorImpl.newInstance0(Native Method)
	at sun.reflect.NativeConstructorAccessorImpl.newInstance(NativeConstructorAccessorImpl.java:62)
	at sun.reflect.DelegatingConstructorAccessorImpl.newInstance(DelegatingConstructorAccessorImpl.java:45)
	at java.lang.reflect.Constructor.newInstance(Constructor.java:422)
	at com.mysql.jdbc.Util.handleNewInstance(Util.java:406)
	at com.mysql.jdbc.Util.getInstance(Util.java:381)
	at com.mysql.jdbc.SQLError.createSQLException(SQLError.java:984)
	at com.mysql.jdbc.SQLError.createSQLException(SQLError.java:956)
	at com.mysql.jdbc.SQLError.createSQLException(SQLError.java:926)
	at com.mysql.jdbc.ConnectionImpl.checkClosed(ConnectionImpl.java:1098)
	at com.mysql.jdbc.ConnectionImpl.versionMeetsMinimum(ConnectionImpl.java:5377)
	at com.mysql.jdbc.ConnectionImpl.serverSupportsConvertFn(ConnectionImpl.java:4801)
	at com.mysql.jdbc.StatementImpl.executeQuery(StatementImpl.java:1276)
	at com.selenium.SupportingClasses.DatabaseOperation.GetDataObjects(DatabaseOperation.java:102)
	... 22 more
]]>
            </full-stacktrace>
          </exception> <!-- com.selenium.exception.PropertiesHandleException -->
          <reporter-output>
          </reporter-output>
        </test-method> <!-- loadconfig -->
        <test-method status="FAIL" signature="UITest(java.lang.Integer, java.lang.Object, java.lang.Object)[pri:0, instance:com.selenium.Test.UIMainscript@50f8360d]" name="UITest" duration-ms="0" started-at="2018-02-21T10:39:13Z" data-provider="UITestData" finished-at="2018-02-21T10:39:13Z">
          <exception class="java.lang.RuntimeException">
            <message>
              <![CDATA[java.lang.NullPointerException]]>
            </message>
            <full-stacktrace>
              <![CDATA[java.lang.RuntimeException: java.lang.NullPointerException
	at org.testng.internal.MethodInvocationHelper.invokeDataProvider(MethodInvocationHelper.java:143)
	at org.testng.internal.Parameters.handleParameters(Parameters.java:426)
	at org.testng.internal.Invoker.handleParameters(Invoker.java:1383)
	at org.testng.internal.Invoker.createParameters(Invoker.java:1075)
	at org.testng.internal.Invoker.invokeTestMethods(Invoker.java:1180)
	at org.testng.internal.TestMethodWorker.invokeTestMethods(TestMethodWorker.java:127)
	at org.testng.internal.TestMethodWorker.run(TestMethodWorker.java:111)
	at org.testng.TestRunner.privateRun(TestRunner.java:767)
	at org.testng.TestRunner.run(TestRunner.java:617)
	at org.testng.SuiteRunner.runTest(SuiteRunner.java:334)
	at org.testng.SuiteRunner.access$000(SuiteRunner.java:37)
	at org.testng.SuiteRunner$SuiteWorker.run(SuiteRunner.java:368)
	at org.testng.internal.thread.ThreadUtil$2.call(ThreadUtil.java:64)
	at java.util.concurrent.FutureTask.run(FutureTask.java:266)
	at java.util.concurrent.ThreadPoolExecutor.runWorker(ThreadPoolExecutor.java:1142)
	at java.util.concurrent.ThreadPoolExecutor$Worker.run(ThreadPoolExecutor.java:617)
	at java.lang.Thread.run(Thread.java:745)
Caused by: java.lang.NullPointerException
	at com.selenium.SupportingClasses.DatabaseOperation.GetDataObjects(DatabaseOperation.java:101)
	at com.selenium.Test.UIMainscript.getDataFromDataprovider(UIMainscript.java:109)
	at sun.reflect.NativeMethodAccessorImpl.invoke0(Native Method)
	at sun.reflect.NativeMethodAccessorImpl.invoke(NativeMethodAccessorImpl.java:62)
	at sun.reflect.DelegatingMethodAccessorImpl.invoke(DelegatingMethodAccessorImpl.java:43)
	at java.lang.reflect.Method.invoke(Method.java:497)
	at org.testng.internal.MethodInvocationHelper.invokeMethod(MethodInvocationHelper.java:80)
	at org.testng.internal.MethodInvocationHelper.invokeDataProvider(MethodInvocationHelper.java:117)
	... 16 more
]]>
            </full-stacktrace>
          </exception> <!-- java.lang.RuntimeException -->
          <reporter-output>
          </reporter-output>
        </test-method> <!-- UITest -->
        <test-method status="SKIP" signature="close()[pri:0, instance:com.selenium.Test.UIMainscript@50f8360d]" name="close" is-config="true" duration-ms="0" started-at="2018-02-21T10:39:13Z" finished-at="2018-02-21T10:39:13Z">
          <reporter-output>
          </reporter-output>
        </test-method> <!-- close -->
      </class> <!-- com.selenium.Test.UIMainscript -->
    </test> <!-- AssistTest4 -->
    <test name="AssistTest2" duration-ms="70676" started-at="2018-02-21T05:09:11Z" finished-at="2018-02-21T05:10:22Z">
      <class name="com.selenium.Test.UIMainscript">
        <test-method status="PASS" signature="loadconfig()[pri:0, instance:com.selenium.Test.UIMainscript@36f6e879]" name="loadconfig" is-config="true" duration-ms="22739" started-at="2018-02-21T10:39:11Z" finished-at="2018-02-21T10:39:34Z">
          <reporter-output>
          </reporter-output>
        </test-method> <!-- loadconfig -->
        <test-method status="PASS" signature="UITest(java.lang.Integer, java.lang.Object, java.lang.Object)[pri:0, instance:com.selenium.Test.UIMainscript@36f6e879]" name="UITest" duration-ms="10160" started-at="2018-02-21T10:39:34Z" data-provider="UITestData" finished-at="2018-02-21T10:39:44Z">
          <params>
            <param index="0">
              <value>
                <![CDATA[1]]>
              </value>
            </param>
            <param index="1">
              <value>
                <![CDATA[{Si_no=1, Test_data_id=NITIC_01, Flag_for_execution=Completed, BusinessType=Truckers Interstate for Hire, FirstName=MD FEB 20, LastName=Truckers Interstate, PrimaryNumber=1234567890, EmailAddress=sabarinath_jv@solartis.com, TypeOfBusiness=Corporation, SubType=, BusinessName=NITIC, NumberOfYearsInBusiness=1, SSN_FEINChoice=SSN, SSN_FEIN_no=345235645, DescriptionOfOperation=Description of Operation , ICCFilling=Yes, MCNumber=123456789, AddressLine1=21412 Pennsylvania 66, AddressLine2=Address2, City=Shippenville, State=Pennsylvania, ZipCode=16254, MailingAddressChoice=, LiabilityLimitType=Combined Single Limit, PrimaryLiabilityLimit=$35,000, PremiumPerVehicle=2000, EffectiveDate=03/03/2018, NumberOfVehicles=8, NoOfVehiclesBodyTypeTrailer=0, VIN=12345678901233400, Make=Make, Model=Model , Year=2000, SeatingCapacity=3, BodyType=Tractor, VehicleValue=100001, RadiusCategory=Short, RadiusOfOperation=50, BusinessUse=Commercial, LossPayee1=Yes, LossPayee__Type=Leased, LossPayeeName=loss payee, VehicleNumber=Vehicle #1, DriverName=Driver1, DriverDOB=05/11/1989, Gender=Female, MaritalStatus=Married, LicenseNumber=12345, YearFirstLicensed=2016, YearsofExperience=23, Accident=Yes, NumberOfAccident=1, NumberOfTicket=0, AccidentType=Accident, AccDate=09/05/2016, AccPlace=Test City, ViolationDate=09/05/2016, AIName=AdditionalInsured, CarrierName=PC-Test, PolicyNo=CHIC-6528-02, PriorEffectiveDate=01/06/1996, PriorExpirationDate=01/06/1997, CoverageType=Physical Damage, SHFirstName=Test, SHLastName=SH, Salutation=Sr, Title=Title , QuoteType=New Business, Renewingforthe5thtime=No, EditLiabilityPremium=No, TotalLiabilityPremium=, AttachementName=CHIC_02, RenewalPrefix=54761, RenewalSuffix=02, LiabilityLimitTypeE1=Split Limit, PrimaryLiabilityLimitE1=$25,000 / $50,000 / $10,000, PremiumPerVehicleE1=5000, EffectiveDateE1=08/08/2018, VINE1=12345678901233400, MakeE1=Toyota, ModelE1=Seyron Tractor, YearE1=2000, BodyTypeE1=Car Carrier, VehicleValueE1=5446, RadiusCategoryE1=Short, RadiusOfOperationE1=Retail, StateE1=Kentucky, BusinessUseE1=Retail, LossPayee1E1=No}]]>
              </value>
            </param>
            <param index="2">
              <value>
                <![CDATA[{Si_no=1, Test_data_id=NITIC_01, Flag_for_execution=null, QuoteNumber=null, PolicyNumber=null, LiabilityTotalPremium=null, LiabilityTotalPremium_exp=null, LiabilityTotalPremium_status=null, StockFee=null, StockFee_exp=null, StockFee_status=null, TotalPremium=null, TotalPremium_exp=null, TotalPremium_status=null, TotalDownPayment=null, TotalDownPayment_exp=null, TotalDownPayment_status=null, TotalMonthlyPayment=null, TotalMonthlyPayment_exp=null, TotalMonthlyPayment_status=null, ProducerCommission=null, ProducerCommision_exp=null, ProducerCommision_status=null, AnalyserResult=null}]]>
              </value>
            </param>
          </params>
          <reporter-output>
          </reporter-output>
        </test-method> <!-- UITest -->
        <test-method status="PASS" signature="UITest(java.lang.Integer, java.lang.Object, java.lang.Object)[pri:0, instance:com.selenium.Test.UIMainscript@36f6e879]" name="UITest" duration-ms="6620" started-at="2018-02-21T10:39:44Z" data-provider="UITestData" finished-at="2018-02-21T10:39:51Z">
          <params>
            <param index="0">
              <value>
                <![CDATA[2]]>
              </value>
            </param>
            <param index="1">
              <value>
                <![CDATA[{Si_no=2, Test_data_id=NITIC_02, Flag_for_execution=Completed, BusinessType=Truckers Interstate for Hire, FirstName=MD FEB 20, LastName=Truckers Interstate, PrimaryNumber=1234567890, EmailAddress=sabarinath_jv@solartis.com, TypeOfBusiness=Corporation, SubType=, BusinessName=NITIC, NumberOfYearsInBusiness=1, SSN_FEINChoice=SSN, SSN_FEIN_no=345235645, DescriptionOfOperation=Description of Operation , ICCFilling=Yes, MCNumber=123456789, AddressLine1=21412 Pennsylvania 66, AddressLine2=Address2, City=Shippenville, State=Pennsylvania, ZipCode=16254, MailingAddressChoice=, LiabilityLimitType=Combined Single Limit, PrimaryLiabilityLimit=$50,000, PremiumPerVehicle=2000, EffectiveDate=03/03/2018, NumberOfVehicles=8, NoOfVehiclesBodyTypeTrailer=0, VIN=12345678901233400, Make=Make, Model=Model , Year=2000, SeatingCapacity=3, BodyType=Tractor, VehicleValue=100001, RadiusCategory=Short, RadiusOfOperation=50, BusinessUse=Commercial, LossPayee1=Yes, LossPayee__Type=Leased, LossPayeeName=loss payee, VehicleNumber=Vehicle #1, DriverName=Driver1, DriverDOB=05/11/1989, Gender=Female, MaritalStatus=Married, LicenseNumber=12345, YearFirstLicensed=2016, YearsofExperience=23, Accident=Yes, NumberOfAccident=1, NumberOfTicket=0, AccidentType=Accident, AccDate=09/05/2016, AccPlace=Test City, ViolationDate=09/05/2016, AIName=AdditionalInsured, CarrierName=PC-Test, PolicyNo=CHIC-6528-02, PriorEffectiveDate=01/06/1996, PriorExpirationDate=01/06/1997, CoverageType=Physical Damage, SHFirstName=Test, SHLastName=SH, Salutation=Sr, Title=Title , QuoteType=New Business, Renewingforthe5thtime=No, EditLiabilityPremium=No, TotalLiabilityPremium=, AttachementName=CHIC_02, RenewalPrefix=54761, RenewalSuffix=02, LiabilityLimitTypeE1=Split Limit, PrimaryLiabilityLimitE1=$25,000 / $50,000 / $10,000, PremiumPerVehicleE1=5000, EffectiveDateE1=08/08/2018, VINE1=12345678901233400, MakeE1=Toyota, ModelE1=Seyron Tractor, YearE1=2000, BodyTypeE1=Car Carrier, VehicleValueE1=5446, RadiusCategoryE1=Short, RadiusOfOperationE1=Retail, StateE1=Kentucky, BusinessUseE1=Retail, LossPayee1E1=No}]]>
              </value>
            </param>
            <param index="2">
              <value>
                <![CDATA[{Si_no=2, Test_data_id=NITIC_02, Flag_for_execution=null, QuoteNumber=null, PolicyNumber=null, LiabilityTotalPremium=null, LiabilityTotalPremium_exp=null, LiabilityTotalPremium_status=null, StockFee=null, StockFee_exp=null, StockFee_status=null, TotalPremium=null, TotalPremium_exp=null, TotalPremium_status=null, TotalDownPayment=null, TotalDownPayment_exp=null, TotalDownPayment_status=null, TotalMonthlyPayment=null, TotalMonthlyPayment_exp=null, TotalMonthlyPayment_status=null, ProducerCommission=null, ProducerCommision_exp=null, ProducerCommision_status=null, AnalyserResult=null}]]>
              </value>
            </param>
          </params>
          <reporter-output>
          </reporter-output>
        </test-method> <!-- UITest -->
        <test-method status="PASS" signature="UITest(java.lang.Integer, java.lang.Object, java.lang.Object)[pri:0, instance:com.selenium.Test.UIMainscript@36f6e879]" name="UITest" duration-ms="3815" started-at="2018-02-21T10:39:51Z" data-provider="UITestData" finished-at="2018-02-21T10:39:55Z">
          <params>
            <param index="0">
              <value>
                <![CDATA[3]]>
              </value>
            </param>
            <param index="1">
              <value>
                <![CDATA[{Si_no=3, Test_data_id=NITIC_03, Flag_for_execution=Completed, BusinessType=Truckers Interstate for Hire, FirstName=MD FEB 20, LastName=Truckers Interstate, PrimaryNumber=1234567890, EmailAddress=sabarinath_jv@solartis.com, TypeOfBusiness=Corporation, SubType=, BusinessName=NITIC, NumberOfYearsInBusiness=1, SSN_FEINChoice=SSN, SSN_FEIN_no=345235645, DescriptionOfOperation=Description of Operation , ICCFilling=Yes, MCNumber=123456789, AddressLine1=21412 Pennsylvania 66, AddressLine2=Address2, City=Shippenville, State=Pennsylvania, ZipCode=16254, MailingAddressChoice=, LiabilityLimitType=Combined Single Limit, PrimaryLiabilityLimit=$100,000, PremiumPerVehicle=2000, EffectiveDate=03/03/2018, NumberOfVehicles=2, NoOfVehiclesBodyTypeTrailer=0, VIN=12345678901233400, Make=Make, Model=Model , Year=2000, SeatingCapacity=3, BodyType=Tractor, VehicleValue=100001, RadiusCategory=Short, RadiusOfOperation=50, BusinessUse=Commercial, LossPayee1=Yes, LossPayee__Type=Leased, LossPayeeName=loss payee, VehicleNumber=Vehicle #1, DriverName=Driver1, DriverDOB=05/11/1989, Gender=Female, MaritalStatus=Married, LicenseNumber=12345, YearFirstLicensed=2016, YearsofExperience=23, Accident=Yes, NumberOfAccident=1, NumberOfTicket=0, AccidentType=Accident, AccDate=09/05/2016, AccPlace=Test City, ViolationDate=09/05/2016, AIName=AdditionalInsured, CarrierName=PC-Test, PolicyNo=CHIC-6528-02, PriorEffectiveDate=01/06/1996, PriorExpirationDate=01/06/1997, CoverageType=Physical Damage, SHFirstName=Test, SHLastName=SH, Salutation=Sr, Title=Title , QuoteType=New Business, Renewingforthe5thtime=No, EditLiabilityPremium=No, TotalLiabilityPremium=, AttachementName=CHIC_02, RenewalPrefix=54761, RenewalSuffix=02, LiabilityLimitTypeE1=Split Limit, PrimaryLiabilityLimitE1=$25,000 / $50,000 / $10,000, PremiumPerVehicleE1=5000, EffectiveDateE1=08/08/2018, VINE1=12345678901233400, MakeE1=Toyota, ModelE1=Seyron Tractor, YearE1=2000, BodyTypeE1=Car Carrier, VehicleValueE1=5446, RadiusCategoryE1=Short, RadiusOfOperationE1=Retail, StateE1=Kentucky, BusinessUseE1=Retail, LossPayee1E1=No}]]>
              </value>
            </param>
            <param index="2">
              <value>
                <![CDATA[{Si_no=3, Test_data_id=NITIC_03, Flag_for_execution=null, QuoteNumber=null, PolicyNumber=null, LiabilityTotalPremium=null, LiabilityTotalPremium_exp=null, LiabilityTotalPremium_status=null, StockFee=null, StockFee_exp=null, StockFee_status=null, TotalPremium=null, TotalPremium_exp=null, TotalPremium_status=null, TotalDownPayment=null, TotalDownPayment_exp=null, TotalDownPayment_status=null, TotalMonthlyPayment=null, TotalMonthlyPayment_exp=null, TotalMonthlyPayment_status=null, ProducerCommission=null, ProducerCommision_exp=null, ProducerCommision_status=null, AnalyserResult=null}]]>
              </value>
            </param>
          </params>
          <reporter-output>
          </reporter-output>
        </test-method> <!-- UITest -->
        <test-method status="PASS" signature="UITest(java.lang.Integer, java.lang.Object, java.lang.Object)[pri:0, instance:com.selenium.Test.UIMainscript@36f6e879]" name="UITest" duration-ms="4675" started-at="2018-02-21T10:39:55Z" data-provider="UITestData" finished-at="2018-02-21T10:39:59Z">
          <params>
            <param index="0">
              <value>
                <![CDATA[4]]>
              </value>
            </param>
            <param index="1">
              <value>
                <![CDATA[{Si_no=4, Test_data_id=NITIC_04, Flag_for_execution=Completed, BusinessType=Truckers Interstate for Hire, FirstName=MD FEB 20, LastName=Truckers Interstate, PrimaryNumber=1234567890, EmailAddress=sabarinath_jv@solartis.com, TypeOfBusiness=Corporation, SubType=, BusinessName=NITIC, NumberOfYearsInBusiness=1, SSN_FEINChoice=SSN, SSN_FEIN_no=345235645, DescriptionOfOperation=Description of Operation , ICCFilling=Yes, MCNumber=123456789, AddressLine1=21412 Pennsylvania 66, AddressLine2=Address2, City=Shippenville, State=Pennsylvania, ZipCode=16254, MailingAddressChoice=, LiabilityLimitType=Combined Single Limit, PrimaryLiabilityLimit=$200,000, PremiumPerVehicle=2000, EffectiveDate=03/03/2018, NumberOfVehicles=3, NoOfVehiclesBodyTypeTrailer=0, VIN=12345678901233400, Make=Make, Model=Model , Year=2000, SeatingCapacity=3, BodyType=Tractor, VehicleValue=100001, RadiusCategory=Short, RadiusOfOperation=50, BusinessUse=Commercial, LossPayee1=Yes, LossPayee__Type=Leased, LossPayeeName=loss payee, VehicleNumber=Vehicle #1, DriverName=Driver1, DriverDOB=05/11/1989, Gender=Female, MaritalStatus=Married, LicenseNumber=12345, YearFirstLicensed=2016, YearsofExperience=23, Accident=Yes, NumberOfAccident=1, NumberOfTicket=0, AccidentType=Accident, AccDate=09/05/2016, AccPlace=Test City, ViolationDate=09/05/2016, AIName=AdditionalInsured, CarrierName=PC-Test, PolicyNo=CHIC-6528-02, PriorEffectiveDate=01/06/1996, PriorExpirationDate=01/06/1997, CoverageType=Physical Damage, SHFirstName=Test, SHLastName=SH, Salutation=Sr, Title=Title , QuoteType=New Business, Renewingforthe5thtime=No, EditLiabilityPremium=No, TotalLiabilityPremium=, AttachementName=CHIC_02, RenewalPrefix=54761, RenewalSuffix=02, LiabilityLimitTypeE1=Split Limit, PrimaryLiabilityLimitE1=$25,000 / $50,000 / $10,000, PremiumPerVehicleE1=5000, EffectiveDateE1=08/08/2018, VINE1=12345678901233400, MakeE1=Toyota, ModelE1=Seyron Tractor, YearE1=2000, BodyTypeE1=Car Carrier, VehicleValueE1=5446, RadiusCategoryE1=Short, RadiusOfOperationE1=Retail, StateE1=Kentucky, BusinessUseE1=Retail, LossPayee1E1=No}]]>
              </value>
            </param>
            <param index="2">
              <value>
                <![CDATA[{Si_no=4, Test_data_id=NITIC_04, Flag_for_execution=Pass, QuoteNumber=QNITIC-1700, PolicyNumber=B3178-01, LiabilityTotalPremium=$2,000.00, LiabilityTotalPremium_exp=null, LiabilityTotalPremium_status=null, StockFee=null, StockFee_exp=null, StockFee_status=null, TotalPremium=$6,600.00, TotalPremium_exp=null, TotalPremium_status=null, TotalDownPayment=$1,600.00, TotalDownPayment_exp=null, TotalDownPayment_status=null, TotalMonthlyPayment=$500.00, TotalMonthlyPayment_exp=null, TotalMonthlyPayment_status=null, ProducerCommission=null, ProducerCommision_exp=null, ProducerCommision_status=null, AnalyserResult=null}]]>
              </value>
            </param>
          </params>
          <reporter-output>
          </reporter-output>
        </test-method> <!-- UITest -->
        <test-method status="PASS" signature="UITest(java.lang.Integer, java.lang.Object, java.lang.Object)[pri:0, instance:com.selenium.Test.UIMainscript@36f6e879]" name="UITest" duration-ms="3599" started-at="2018-02-21T10:39:59Z" data-provider="UITestData" finished-at="2018-02-21T10:40:03Z">
          <params>
            <param index="0">
              <value>
                <![CDATA[5]]>
              </value>
            </param>
            <param index="1">
              <value>
                <![CDATA[{Si_no=5, Test_data_id=NITIC_05, Flag_for_execution=Completed, BusinessType=Truckers Interstate for Hire, FirstName=MD FEB 20, LastName=Truckers Interstate, PrimaryNumber=1234567890, EmailAddress=sabarinath_jv@solartis.com, TypeOfBusiness=Corporation, SubType=, BusinessName=NITIC, NumberOfYearsInBusiness=1, SSN_FEINChoice=SSN, SSN_FEIN_no=345235645, DescriptionOfOperation=Description of Operation , ICCFilling=Yes, MCNumber=123456789, AddressLine1=21412 Pennsylvania 66, AddressLine2=Address2, City=Shippenville, State=Pennsylvania, ZipCode=16254, MailingAddressChoice=, LiabilityLimitType=Combined Single Limit, PrimaryLiabilityLimit=$250,000, PremiumPerVehicle=2000, EffectiveDate=03/03/2018, NumberOfVehicles=1, NoOfVehiclesBodyTypeTrailer=0, VIN=12345678901233400, Make=Make, Model=Model , Year=2000, SeatingCapacity=3, BodyType=Tractor, VehicleValue=100001, RadiusCategory=Short, RadiusOfOperation=50, BusinessUse=Commercial, LossPayee1=Yes, LossPayee__Type=Leased, LossPayeeName=loss payee, VehicleNumber=Vehicle #1, DriverName=Driver1, DriverDOB=05/11/1989, Gender=Female, MaritalStatus=Married, LicenseNumber=12345, YearFirstLicensed=2016, YearsofExperience=23, Accident=Yes, NumberOfAccident=1, NumberOfTicket=0, AccidentType=Accident, AccDate=09/05/2016, AccPlace=Test City, ViolationDate=09/05/2016, AIName=AdditionalInsured, CarrierName=PC-Test, PolicyNo=CHIC-6528-02, PriorEffectiveDate=01/06/1996, PriorExpirationDate=01/06/1997, CoverageType=Physical Damage, SHFirstName=Test, SHLastName=SH, Salutation=Sr, Title=Title , QuoteType=New Business, Renewingforthe5thtime=No, EditLiabilityPremium=No, TotalLiabilityPremium=, AttachementName=CHIC_02, RenewalPrefix=54761, RenewalSuffix=02, LiabilityLimitTypeE1=Split Limit, PrimaryLiabilityLimitE1=$25,000 / $50,000 / $10,000, PremiumPerVehicleE1=5000, EffectiveDateE1=08/08/2018, VINE1=12345678901233400, MakeE1=Toyota, ModelE1=Seyron Tractor, YearE1=2000, BodyTypeE1=Car Carrier, VehicleValueE1=5446, RadiusCategoryE1=Short, RadiusOfOperationE1=Retail, StateE1=Kentucky, BusinessUseE1=Retail, LossPayee1E1=No}]]>
              </value>
            </param>
            <param index="2">
              <value>
                <![CDATA[{Si_no=5, Test_data_id=NITIC_05, Flag_for_execution=Pass, QuoteNumber=QNITIC-1702, PolicyNumber=B3180-01, LiabilityTotalPremium=$2,000.00, LiabilityTotalPremium_exp=null, LiabilityTotalPremium_status=null, StockFee=null, StockFee_exp=null, StockFee_status=null, TotalPremium=$2,200.00, TotalPremium_exp=null, TotalPremium_status=null, TotalDownPayment=$533.33, TotalDownPayment_exp=null, TotalDownPayment_status=null, TotalMonthlyPayment=$166.67, TotalMonthlyPayment_exp=null, TotalMonthlyPayment_status=null, ProducerCommission=null, ProducerCommision_exp=null, ProducerCommision_status=null, AnalyserResult=null}]]>
              </value>
            </param>
          </params>
          <reporter-output>
          </reporter-output>
        </test-method> <!-- UITest -->
        <test-method status="PASS" signature="UITest(java.lang.Integer, java.lang.Object, java.lang.Object)[pri:0, instance:com.selenium.Test.UIMainscript@36f6e879]" name="UITest" duration-ms="5283" started-at="2018-02-21T10:40:03Z" data-provider="UITestData" finished-at="2018-02-21T10:40:08Z">
          <params>
            <param index="0">
              <value>
                <![CDATA[6]]>
              </value>
            </param>
            <param index="1">
              <value>
                <![CDATA[{Si_no=6, Test_data_id=NITIC_06, Flag_for_execution=Completed, BusinessType=Truckers Interstate for Hire, FirstName=MD FEB 20, LastName=Truckers Interstate, PrimaryNumber=1234567890, EmailAddress=sabarinath_jv@solartis.com, TypeOfBusiness=Corporation, SubType=, BusinessName=NITIC, NumberOfYearsInBusiness=1, SSN_FEINChoice=SSN, SSN_FEIN_no=345235645, DescriptionOfOperation=Description of Operation , ICCFilling=Yes, MCNumber=123456789, AddressLine1=21412 Pennsylvania 66, AddressLine2=Address2, City=Shippenville, State=Pennsylvania, ZipCode=16254, MailingAddressChoice=, LiabilityLimitType=Combined Single Limit, PrimaryLiabilityLimit=$300,000, PremiumPerVehicle=2000, EffectiveDate=03/03/2018, NumberOfVehicles=1, NoOfVehiclesBodyTypeTrailer=0, VIN=12345678901233400, Make=Make, Model=Model , Year=2000, SeatingCapacity=3, BodyType=Tractor, VehicleValue=100001, RadiusCategory=Short, RadiusOfOperation=50, BusinessUse=Commercial, LossPayee1=Yes, LossPayee__Type=Leased, LossPayeeName=loss payee, VehicleNumber=Vehicle #1, DriverName=Driver1, DriverDOB=05/11/1989, Gender=Female, MaritalStatus=Married, LicenseNumber=12345, YearFirstLicensed=2016, YearsofExperience=23, Accident=Yes, NumberOfAccident=1, NumberOfTicket=0, AccidentType=Accident, AccDate=09/05/2016, AccPlace=Test City, ViolationDate=09/05/2016, AIName=AdditionalInsured, CarrierName=PC-Test, PolicyNo=CHIC-6528-02, PriorEffectiveDate=01/06/1996, PriorExpirationDate=01/06/1997, CoverageType=Physical Damage, SHFirstName=Test, SHLastName=SH, Salutation=Sr, Title=Title , QuoteType=New Business, Renewingforthe5thtime=No, EditLiabilityPremium=No, TotalLiabilityPremium=, AttachementName=CHIC_02, RenewalPrefix=54761, RenewalSuffix=02, LiabilityLimitTypeE1=Split Limit, PrimaryLiabilityLimitE1=$25,000 / $50,000 / $10,000, PremiumPerVehicleE1=5000, EffectiveDateE1=08/08/2018, VINE1=12345678901233400, MakeE1=Toyota, ModelE1=Seyron Tractor, YearE1=2000, BodyTypeE1=Car Carrier, VehicleValueE1=5446, RadiusCategoryE1=Short, RadiusOfOperationE1=Retail, StateE1=Kentucky, BusinessUseE1=Retail, LossPayee1E1=No}]]>
              </value>
            </param>
            <param index="2">
              <value>
                <![CDATA[{Si_no=6, Test_data_id=NITIC_06, Flag_for_execution=Pass, QuoteNumber=QNITIC-1704, PolicyNumber=A20258-01, LiabilityTotalPremium=$2,000.00, LiabilityTotalPremium_exp=null, LiabilityTotalPremium_status=null, StockFee=null, StockFee_exp=null, StockFee_status=null, TotalPremium=$2,200.00, TotalPremium_exp=null, TotalPremium_status=null, TotalDownPayment=$533.33, TotalDownPayment_exp=null, TotalDownPayment_status=null, TotalMonthlyPayment=$166.67, TotalMonthlyPayment_exp=null, TotalMonthlyPayment_status=null, ProducerCommission=null, ProducerCommision_exp=null, ProducerCommision_status=null, AnalyserResult=null}]]>
              </value>
            </param>
          </params>
          <reporter-output>
          </reporter-output>
        </test-method> <!-- UITest -->
        <test-method status="PASS" signature="UITest(java.lang.Integer, java.lang.Object, java.lang.Object)[pri:0, instance:com.selenium.Test.UIMainscript@36f6e879]" name="UITest" duration-ms="3683" started-at="2018-02-21T10:40:08Z" data-provider="UITestData" finished-at="2018-02-21T10:40:12Z">
          <params>
            <param index="0">
              <value>
                <![CDATA[7]]>
              </value>
            </param>
            <param index="1">
              <value>
                <![CDATA[{Si_no=7, Test_data_id=NITIC_07, Flag_for_execution=Completed, BusinessType=Truckers Interstate for Hire, FirstName=MD FEB 20, LastName=Truckers Interstate, PrimaryNumber=1234567890, EmailAddress=sabarinath_jv@solartis.com, TypeOfBusiness=Corporation, SubType=, BusinessName=NITIC, NumberOfYearsInBusiness=1, SSN_FEINChoice=SSN, SSN_FEIN_no=345235645, DescriptionOfOperation=Description of Operation , ICCFilling=Yes, MCNumber=123456789, AddressLine1=21412 Pennsylvania 66, AddressLine2=Address2, City=Shippenville, State=Pennsylvania, ZipCode=16254, MailingAddressChoice=, LiabilityLimitType=Combined Single Limit, PrimaryLiabilityLimit=$500,000, PremiumPerVehicle=2000, EffectiveDate=03/03/2018, NumberOfVehicles=1, NoOfVehiclesBodyTypeTrailer=0, VIN=12345678901233400, Make=Make, Model=Model , Year=2000, SeatingCapacity=3, BodyType=Tractor, VehicleValue=100001, RadiusCategory=Short, RadiusOfOperation=50, BusinessUse=Commercial, LossPayee1=Yes, LossPayee__Type=Leased, LossPayeeName=loss payee, VehicleNumber=Vehicle #1, DriverName=Driver1, DriverDOB=05/11/1989, Gender=Female, MaritalStatus=Married, LicenseNumber=12345, YearFirstLicensed=2016, YearsofExperience=23, Accident=Yes, NumberOfAccident=1, NumberOfTicket=0, AccidentType=Accident, AccDate=09/05/2016, AccPlace=Test City, ViolationDate=09/05/2016, AIName=AdditionalInsured, CarrierName=PC-Test, PolicyNo=CHIC-6528-02, PriorEffectiveDate=01/06/1996, PriorExpirationDate=01/06/1997, CoverageType=Physical Damage, SHFirstName=Test, SHLastName=SH, Salutation=Sr, Title=Title , QuoteType=New Business, Renewingforthe5thtime=No, EditLiabilityPremium=No, TotalLiabilityPremium=, AttachementName=CHIC_02, RenewalPrefix=54761, RenewalSuffix=02, LiabilityLimitTypeE1=Split Limit, PrimaryLiabilityLimitE1=$25,000 / $50,000 / $10,000, PremiumPerVehicleE1=5000, EffectiveDateE1=08/08/2018, VINE1=12345678901233400, MakeE1=Toyota, ModelE1=Seyron Tractor, YearE1=2000, BodyTypeE1=Car Carrier, VehicleValueE1=5446, RadiusCategoryE1=Short, RadiusOfOperationE1=Retail, StateE1=Kentucky, BusinessUseE1=Retail, LossPayee1E1=No}]]>
              </value>
            </param>
            <param index="2">
              <value>
                <![CDATA[{Si_no=7, Test_data_id=NITIC_07, Flag_for_execution=Pass, QuoteNumber=QNITIC-1706, PolicyNumber=A20259-01, LiabilityTotalPremium=$2,000.00, LiabilityTotalPremium_exp=null, LiabilityTotalPremium_status=null, StockFee=null, StockFee_exp=null, StockFee_status=null, TotalPremium=$2,200.00, TotalPremium_exp=null, TotalPremium_status=null, TotalDownPayment=$533.33, TotalDownPayment_exp=null, TotalDownPayment_status=null, TotalMonthlyPayment=$166.67, TotalMonthlyPayment_exp=null, TotalMonthlyPayment_status=null, ProducerCommission=null, ProducerCommision_exp=null, ProducerCommision_status=null, AnalyserResult=null}]]>
              </value>
            </param>
          </params>
          <reporter-output>
          </reporter-output>
        </test-method> <!-- UITest -->
        <test-method status="PASS" signature="UITest(java.lang.Integer, java.lang.Object, java.lang.Object)[pri:0, instance:com.selenium.Test.UIMainscript@36f6e879]" name="UITest" duration-ms="5301" started-at="2018-02-21T10:40:12Z" data-provider="UITestData" finished-at="2018-02-21T10:40:17Z">
          <params>
            <param index="0">
              <value>
                <![CDATA[8]]>
              </value>
            </param>
            <param index="1">
              <value>
                <![CDATA[{Si_no=8, Test_data_id=NITIC_08, Flag_for_execution=Completed, BusinessType=Truckers Interstate for Hire, FirstName=MD FEB 20, LastName=Truckers Interstate, PrimaryNumber=1234567890, EmailAddress=sabarinath_jv@solartis.com, TypeOfBusiness=Corporation, SubType=, BusinessName=NITIC, NumberOfYearsInBusiness=1, SSN_FEINChoice=SSN, SSN_FEIN_no=345235645, DescriptionOfOperation=Description of Operation , ICCFilling=Yes, MCNumber=123456789, AddressLine1=21412 Pennsylvania 66, AddressLine2=Address2, City=Shippenville, State=Pennsylvania, ZipCode=16254, MailingAddressChoice=, LiabilityLimitType=Combined Single Limit, PrimaryLiabilityLimit=$750,000, PremiumPerVehicle=2000, EffectiveDate=03/03/2018, NumberOfVehicles=1, NoOfVehiclesBodyTypeTrailer=0, VIN=12345678901233400, Make=Make, Model=Model , Year=2000, SeatingCapacity=3, BodyType=Tractor, VehicleValue=100001, RadiusCategory=Short, RadiusOfOperation=50, BusinessUse=Commercial, LossPayee1=Yes, LossPayee__Type=Leased, LossPayeeName=loss payee, VehicleNumber=Vehicle #1, DriverName=Driver1, DriverDOB=05/11/1989, Gender=Female, MaritalStatus=Married, LicenseNumber=12345, YearFirstLicensed=2016, YearsofExperience=23, Accident=Yes, NumberOfAccident=1, NumberOfTicket=0, AccidentType=Accident, AccDate=09/05/2016, AccPlace=Test City, ViolationDate=09/05/2016, AIName=AdditionalInsured, CarrierName=PC-Test, PolicyNo=CHIC-6528-02, PriorEffectiveDate=01/06/1996, PriorExpirationDate=01/06/1997, CoverageType=Physical Damage, SHFirstName=Test, SHLastName=SH, Salutation=Sr, Title=Title , QuoteType=New Business, Renewingforthe5thtime=No, EditLiabilityPremium=No, TotalLiabilityPremium=, AttachementName=CHIC_02, RenewalPrefix=54761, RenewalSuffix=02, LiabilityLimitTypeE1=Split Limit, PrimaryLiabilityLimitE1=$25,000 / $50,000 / $10,000, PremiumPerVehicleE1=5000, EffectiveDateE1=08/08/2018, VINE1=12345678901233400, MakeE1=Toyota, ModelE1=Seyron Tractor, YearE1=2000, BodyTypeE1=Car Carrier, VehicleValueE1=5446, RadiusCategoryE1=Short, RadiusOfOperationE1=Retail, StateE1=Kentucky, BusinessUseE1=Retail, LossPayee1E1=No}]]>
              </value>
            </param>
            <param index="2">
              <value>
                <![CDATA[{Si_no=8, Test_data_id=NITIC_08, Flag_for_execution=Pass, QuoteNumber=QNITIC-1707, PolicyNumber=A20260-01, LiabilityTotalPremium=$2,000.00, LiabilityTotalPremium_exp=null, LiabilityTotalPremium_status=null, StockFee=null, StockFee_exp=null, StockFee_status=null, TotalPremium=$2,200.00, TotalPremium_exp=null, TotalPremium_status=null, TotalDownPayment=$533.33, TotalDownPayment_exp=null, TotalDownPayment_status=null, TotalMonthlyPayment=$166.67, TotalMonthlyPayment_exp=null, TotalMonthlyPayment_status=null, ProducerCommission=null, ProducerCommision_exp=null, ProducerCommision_status=null, AnalyserResult=null}]]>
              </value>
            </param>
          </params>
          <reporter-output>
          </reporter-output>
        </test-method> <!-- UITest -->
        <test-method status="PASS" signature="UITest(java.lang.Integer, java.lang.Object, java.lang.Object)[pri:0, instance:com.selenium.Test.UIMainscript@36f6e879]" name="UITest" duration-ms="4480" started-at="2018-02-21T10:40:17Z" data-provider="UITestData" finished-at="2018-02-21T10:40:22Z">
          <params>
            <param index="0">
              <value>
                <![CDATA[9]]>
              </value>
            </param>
            <param index="1">
              <value>
                <![CDATA[{Si_no=9, Test_data_id=NITIC_09, Flag_for_execution=Completed, BusinessType=Truckers Interstate for Hire, FirstName=MD FEB 20, LastName=Truckers Interstate, PrimaryNumber=1234567890, EmailAddress=sabarinath_jv@solartis.com, TypeOfBusiness=Corporation, SubType=, BusinessName=NITIC, NumberOfYearsInBusiness=1, SSN_FEINChoice=SSN, SSN_FEIN_no=345235645, DescriptionOfOperation=Description of Operation , ICCFilling=Yes, MCNumber=123456789, AddressLine1=21412 Pennsylvania 66, AddressLine2=Address2, City=Shippenville, State=Pennsylvania, ZipCode=16254, MailingAddressChoice=, LiabilityLimitType=Combined Single Limit, PrimaryLiabilityLimit=$1,000,000, PremiumPerVehicle=2000, EffectiveDate=03/03/2018, NumberOfVehicles=1, NoOfVehiclesBodyTypeTrailer=0, VIN=12345678901233400, Make=Make, Model=Model , Year=2000, SeatingCapacity=3, BodyType=Tractor, VehicleValue=100001, RadiusCategory=Short, RadiusOfOperation=50, BusinessUse=Commercial, LossPayee1=Yes, LossPayee__Type=Leased, LossPayeeName=loss payee, VehicleNumber=Vehicle #1, DriverName=Driver1, DriverDOB=05/11/1989, Gender=Female, MaritalStatus=Married, LicenseNumber=12345, YearFirstLicensed=2016, YearsofExperience=23, Accident=Yes, NumberOfAccident=1, NumberOfTicket=0, AccidentType=Accident, AccDate=09/05/2016, AccPlace=Test City, ViolationDate=09/05/2016, AIName=AdditionalInsured, CarrierName=PC-Test, PolicyNo=CHIC-6528-02, PriorEffectiveDate=01/06/1996, PriorExpirationDate=01/06/1997, CoverageType=Physical Damage, SHFirstName=Test, SHLastName=SH, Salutation=Sr, Title=Title , QuoteType=New Business, Renewingforthe5thtime=No, EditLiabilityPremium=No, TotalLiabilityPremium=, AttachementName=CHIC_02, RenewalPrefix=54761, RenewalSuffix=02, LiabilityLimitTypeE1=Split Limit, PrimaryLiabilityLimitE1=$25,000 / $50,000 / $10,000, PremiumPerVehicleE1=5000, EffectiveDateE1=08/08/2018, VINE1=12345678901233400, MakeE1=Toyota, ModelE1=Seyron Tractor, YearE1=2000, BodyTypeE1=Car Carrier, VehicleValueE1=5446, RadiusCategoryE1=Short, RadiusOfOperationE1=Retail, StateE1=Kentucky, BusinessUseE1=Retail, LossPayee1E1=No}]]>
              </value>
            </param>
            <param index="2">
              <value>
                <![CDATA[{Si_no=9, Test_data_id=NITIC_09, Flag_for_execution=Pass, QuoteNumber=QNITIC-1710, PolicyNumber=A20261-01, LiabilityTotalPremium=$2,000.00, LiabilityTotalPremium_exp=null, LiabilityTotalPremium_status=null, StockFee=null, StockFee_exp=null, StockFee_status=null, TotalPremium=$2,200.00, TotalPremium_exp=null, TotalPremium_status=null, TotalDownPayment=$533.33, TotalDownPayment_exp=null, TotalDownPayment_status=null, TotalMonthlyPayment=$166.67, TotalMonthlyPayment_exp=null, TotalMonthlyPayment_status=null, ProducerCommission=null, ProducerCommision_exp=null, ProducerCommision_status=null, AnalyserResult=null}]]>
              </value>
            </param>
          </params>
          <reporter-output>
          </reporter-output>
        </test-method> <!-- UITest -->
        <test-method status="PASS" signature="close()[pri:0, instance:com.selenium.Test.UIMainscript@36f6e879]" name="close" is-config="true" duration-ms="1" started-at="2018-02-21T10:40:22Z" finished-at="2018-02-21T10:40:22Z">
          <reporter-output>
          </reporter-output>
        </test-method> <!-- close -->
      </class> <!-- com.selenium.Test.UIMainscript -->
    </test> <!-- AssistTest2 -->
  </suite> <!-- Parallel test suite -->
</testng-results>
